<?xml version="1.0" encoding="UTF-8"?>
<testsuite xmlns:xsi="http://www.w3.org/2001/XMLSchema-instance" xsi:noNamespaceSchemaLocation="https://maven.apache.org/surefire/maven-surefire-plugin/xsd/surefire-test-report-3.0.xsd" version="3.0" name="com.bank.controller.AccountIntegrationTest" time="19.849" tests="6" errors="0" skipped="0" failures="0">
  <properties>
[...]
</properties>
  <testcase name="testInvalidAccountType" classname="com.bank.controller.AccountIntegrationTest" time="3.2">
    <system-out><![CDATA[23:48:14.829 [main] INFO org.springframework.test.context.support.AnnotationConfigContextLoaderUtils -- Could not detect default configuration classes for test class [com.bank.controller.AccountIntegrationTest]: AccountIntegrationTest does not declare any static, non-private, non-final, nested classes annotated with @Configuration.
23:48:15.033 [main] INFO org.springframework.boot.test.context.SpringBootTestContextBootstrapper -- Found @SpringBootConfiguration com.bank.BankApplication for test class com.bank.controller.AccountIntegrationTest

  .   ____          _            __ _ _
 /\\ / ___'_ __ _ _(_)_ __  __ _ \ \ \ \
( ( )\___ | '_ | '_| | '_ \/ _` | \ \ \ \
 \\/  ___)| |_)| | | | | || (_| |  ) ) ) )
  '  |____| .__|_| |_|_| |_\__, | / / / /
 =========|_|==============|___/=/_/_/_/

 :: Spring Boot ::                (v3.3.5)

2026-09-07T23:48:15.745+05:30  INFO 7640 --- [bank-management-system] [           main] c.b.controller.AccountIntegrationTest    : Starting AccountIntegrationTest using Java 25.0.3 with PID 7640 (started by jayraj in E:\bank-management-system\backend)
2026-09-07T23:48:15.746+05:30  INFO 7640 --- [bank-management-system] [           main] c.b.controller.AccountIntegrationTest    : No active profile set, falling back to 1 default profile: "default"
2026-09-07T23:48:16.922+05:30  INFO 7640 --- [bank-management-system] [           main] .s.d.r.c.RepositoryConfigurationDelegate : Bootstrapping Spring Data JPA repositories in DEFAULT mode.
2026-09-07T23:48:17.061+05:30  INFO 7640 --- [bank-management-system] [           main] .s.d.r.c.RepositoryConfigurationDelegate : Finished Spring Data repository scanning in 125 ms. Found 3 JPA repository interfaces.
2026-09-07T23:48:17.950+05:30  INFO 7640 --- [bank-management-system] [           main] o.hibernate.jpa.internal.util.LogHelper  : HHH000204: Processing PersistenceUnitInfo [name: default]
2026-09-07T23:48:18.053+05:30  INFO 7640 --- [bank-management-system] [           main] org.hibernate.Version                    : HHH000412: Hibernate ORM core version 6.5.3.Final
2026-09-07T23:48:18.108+05:30  INFO 7640 --- [bank-management-system] [           main] o.h.c.internal.RegionFactoryInitiator    : HHH000026: Second-level cache disabled
2026-09-07T23:48:18.613+05:30  INFO 7640 --- [bank-management-system] [           main] o.s.o.j.p.SpringPersistenceUnitInfo      : No LoadTimeWeaver setup: ignoring JPA class transformer
2026-09-07T23:48:18.671+05:30  INFO 7640 --- [bank-management-system] [           main] com.zaxxer.hikari.HikariDataSource       : HikariPool-1 - Starting...
2026-09-07T23:48:18.932+05:30  INFO 7640 --- [bank-management-system] [           main] com.zaxxer.hikari.pool.HikariPool        : HikariPool-1 - Added connection com.mysql.cj.jdbc.ConnectionImpl@3e9fb485
2026-09-07T23:48:18.935+05:30  INFO 7640 --- [bank-management-system] [           main] com.zaxxer.hikari.HikariDataSource       : HikariPool-1 - Start completed.
2026-09-07T23:48:19.007+05:30  WARN 7640 --- [bank-management-system] [           main] org.hibernate.orm.deprecation            : HHH90000025: MySQLDialect does not need to be specified explicitly using 'hibernate.dialect' (remove the property setting and it will be selected by default)
2026-09-07T23:48:20.412+05:30  INFO 7640 --- [bank-management-system] [           main] o.h.e.t.j.p.i.JtaPlatformInitiator       : HHH000489: No JTA platform available (set 'hibernate.transaction.jta.platform' to enable JTA platform integration)
2026-09-07T23:48:20.552+05:30  INFO 7640 --- [bank-management-system] [           main] j.LocalContainerEntityManagerFactoryBean : Initialized JPA EntityManagerFactory for persistence unit 'default'
2026-09-07T23:48:21.227+05:30  INFO 7640 --- [bank-management-system] [           main] o.s.d.j.r.query.QueryEnhancerFactory     : Hibernate is in classpath; If applicable, HQL parser will be used.
2026-09-07T23:48:21.752+05:30  INFO 7640 --- [bank-management-system] [           main] r$InitializeUserDetailsManagerConfigurer : Global AuthenticationManager configured with UserDetailsService bean with name customUserDetailsService
2026-09-07T23:48:22.105+05:30  WARN 7640 --- [bank-management-system] [           main] JpaBaseConfiguration$JpaWebConfiguration : spring.jpa.open-in-view is enabled by default. Therefore, database queries may be performed during view rendering. Explicitly configure spring.jpa.open-in-view to disable this warning
2026-09-07T23:48:23.255+05:30  INFO 7640 --- [bank-management-system] [           main] o.s.b.t.m.w.SpringBootMockServletContext : Initializing Spring TestDispatcherServlet ''
2026-09-07T23:48:23.255+05:30  INFO 7640 --- [bank-management-system] [           main] o.s.t.web.servlet.TestDispatcherServlet  : Initializing Servlet ''
2026-09-07T23:48:23.257+05:30  INFO 7640 --- [bank-management-system] [           main] o.s.t.web.servlet.TestDispatcherServlet  : Completed initialization in 0 ms
2026-09-07T23:48:23.286+05:30  INFO 7640 --- [bank-management-system] [           main] c.b.controller.AccountIntegrationTest    : Started AccountIntegrationTest in 8.03 seconds (process running for 9.797)
Hibernate: 
    select
        t1_0.id,
        t1_0.account_id,
        t1_0.amount,
        t1_0.balance_after,
        t1_0.created_at,
        t1_0.description,
        t1_0.transaction_reference,
        t1_0.transaction_type 
    from
        transactions t1_0
Hibernate: 
    delete 
    from
        transactions 
    where
        id=?
Hibernate: 
    delete 
    from
        transactions 
    where
        id=?
Hibernate: 
    delete 
    from
        transactions 
    where
        id=?
Hibernate: 
    select
        a1_0.id,
        a1_0.account_number,
        a1_0.account_type,
        a1_0.balance,
        a1_0.created_at,
        a1_0.status,
        a1_0.updated_at,
        a1_0.user_id 
    from
        accounts a1_0
Hibernate: 
    delete 
    from
        accounts 
    where
        id=?
Hibernate: 
    delete 
    from
        accounts 
    where
        id=?
Hibernate: 
    delete 
    from
        accounts 
    where
        id=?
Hibernate: 
    delete 
    from
        accounts 
    where
        id=?
Hibernate: 
    select
        u1_0.id,
        u1_0.created_at,
        u1_0.email,
        u1_0.name,
        u1_0.password,
        u1_0.phone,
        u1_0.role,
        u1_0.updated_at 
    from
        users u1_0
Hibernate: 
    delete 
    from
        users 
    where
        id=?
Hibernate: 
    delete 
    from
        users 
    where
        id=?
Hibernate: 
    delete 
    from
        users 
    where
        id=?
Hibernate: 
    delete 
    from
        users 
    where
        id=?
Hibernate: 
    insert 
    into
        users
        (created_at, email, name, password, phone, role, updated_at) 
    values
        (?, ?, ?, ?, ?, ?, ?)
Hibernate: 
    insert 
    into
        users
        (created_at, email, name, password, phone, role, updated_at) 
    values
        (?, ?, ?, ?, ?, ?, ?)
Hibernate: 
    insert 
    into
        users
        (created_at, email, name, password, phone, role, updated_at) 
    values
        (?, ?, ?, ?, ?, ?, ?)
Hibernate: 
    select
        u1_0.id,
        u1_0.created_at,
        u1_0.email,
        u1_0.name,
        u1_0.password,
        u1_0.phone,
        u1_0.role,
        u1_0.updated_at 
    from
        users u1_0 
    where
        u1_0.email=?
]]></system-out>
    <system-err><![CDATA[WARNING: A Java agent has been loaded dynamically (C:\Users\jayra\.m2\repository\net\bytebuddy\byte-buddy-agent\1.14.19\byte-buddy-agent-1.14.19.jar)
WARNING: If a serviceability tool is in use, please run with -XX:+EnableDynamicAgentLoading to hide this warning
WARNING: If a serviceability tool is not in use, please run with -Djdk.instrument.traceUsage for more information
WARNING: Dynamic loading of agents will be disallowed by default in a future release
]]></system-err>
  </testcase>
  <testcase name="testGetAccountByNumberOwnership" classname="com.bank.controller.AccountIntegrationTest" time="1.568">
    <system-out><![CDATA[Hibernate: 
    select
        t1_0.id,
        t1_0.account_id,
        t1_0.amount,
        t1_0.balance_after,
        t1_0.created_at,
        t1_0.description,
        t1_0.transaction_reference,
        t1_0.transaction_type 
    from
        transactions t1_0
Hibernate: 
    select
        a1_0.id,
        a1_0.account_number,
        a1_0.account_type,
        a1_0.balance,
        a1_0.created_at,
        a1_0.status,
        a1_0.updated_at,
        a1_0.user_id 
    from
        accounts a1_0
Hibernate: 
    select
        u1_0.id,
        u1_0.created_at,
        u1_0.email,
        u1_0.name,
        u1_0.password,
        u1_0.phone,
        u1_0.role,
        u1_0.updated_at 
    from
        users u1_0
Hibernate: 
    delete 
    from
        users 
    where
        id=?
Hibernate: 
    delete 
    from
        users 
    where
        id=?
Hibernate: 
    delete 
    from
        users 
    where
        id=?
Hibernate: 
    insert 
    into
        users
        (created_at, email, name, password, phone, role, updated_at) 
    values
        (?, ?, ?, ?, ?, ?, ?)
Hibernate: 
    insert 
    into
        users
        (created_at, email, name, password, phone, role, updated_at) 
    values
        (?, ?, ?, ?, ?, ?, ?)
Hibernate: 
    insert 
    into
        users
        (created_at, email, name, password, phone, role, updated_at) 
    values
        (?, ?, ?, ?, ?, ?, ?)
Hibernate: 
    insert 
    into
        accounts
        (account_number, account_type, balance, created_at, status, updated_at, user_id) 
    values
        (?, ?, ?, ?, ?, ?, ?)
Hibernate: 
    select
        u1_0.id,
        u1_0.created_at,
        u1_0.email,
        u1_0.name,
        u1_0.password,
        u1_0.phone,
        u1_0.role,
        u1_0.updated_at 
    from
        users u1_0 
    where
        u1_0.email=?
Hibernate: 
    select
        a1_0.id,
        a1_0.account_number,
        a1_0.account_type,
        a1_0.balance,
        a1_0.created_at,
        a1_0.status,
        a1_0.updated_at,
        a1_0.user_id,
        u1_0.id,
        u1_0.created_at,
        u1_0.email,
        u1_0.name,
        u1_0.password,
        u1_0.phone,
        u1_0.role,
        u1_0.updated_at 
    from
        accounts a1_0 
    join
        users u1_0 
            on u1_0.id=a1_0.user_id 
    where
        a1_0.account_number=?
Hibernate: 
    select
        u1_0.id,
        u1_0.created_at,
        u1_0.email,
        u1_0.name,
        u1_0.password,
        u1_0.phone,
        u1_0.role,
        u1_0.updated_at 
    from
        users u1_0 
    where
        u1_0.email=?
Hibernate: 
    select
        a1_0.id,
        a1_0.account_number,
        a1_0.account_type,
        a1_0.balance,
        a1_0.created_at,
        a1_0.status,
        a1_0.updated_at,
        a1_0.user_id,
        u1_0.id,
        u1_0.created_at,
        u1_0.email,
        u1_0.name,
        u1_0.password,
        u1_0.phone,
        u1_0.role,
        u1_0.updated_at 
    from
        accounts a1_0 
    join
        users u1_0 
            on u1_0.id=a1_0.user_id 
    where
        a1_0.account_number=?
]]></system-out>
  </testcase>
  <testcase name="testGetMyAccounts" classname="com.bank.controller.AccountIntegrationTest" time="1.514">
    <system-out><![CDATA[Hibernate: 
    select
        t1_0.id,
        t1_0.account_id,
        t1_0.amount,
        t1_0.balance_after,
        t1_0.created_at,
        t1_0.description,
        t1_0.transaction_reference,
        t1_0.transaction_type 
    from
        transactions t1_0
Hibernate: 
    select
        a1_0.id,
        a1_0.account_number,
        a1_0.account_type,
        a1_0.balance,
        a1_0.created_at,
        a1_0.status,
        a1_0.updated_at,
        a1_0.user_id 
    from
        accounts a1_0
Hibernate: 
    delete 
    from
        accounts 
    where
        id=?
Hibernate: 
    select
        u1_0.id,
        u1_0.created_at,
        u1_0.email,
        u1_0.name,
        u1_0.password,
        u1_0.phone,
        u1_0.role,
        u1_0.updated_at 
    from
        users u1_0
Hibernate: 
    delete 
    from
        users 
    where
        id=?
Hibernate: 
    delete 
    from
        users 
    where
        id=?
Hibernate: 
    delete 
    from
        users 
    where
        id=?
Hibernate: 
    insert 
    into
        users
        (created_at, email, name, password, phone, role, updated_at) 
    values
        (?, ?, ?, ?, ?, ?, ?)
Hibernate: 
    insert 
    into
        users
        (created_at, email, name, password, phone, role, updated_at) 
    values
        (?, ?, ?, ?, ?, ?, ?)
Hibernate: 
    insert 
    into
        users
        (created_at, email, name, password, phone, role, updated_at) 
    values
        (?, ?, ?, ?, ?, ?, ?)
Hibernate: 
    insert 
    into
        accounts
        (account_number, account_type, balance, created_at, status, updated_at, user_id) 
    values
        (?, ?, ?, ?, ?, ?, ?)
Hibernate: 
    select
        u1_0.id,
        u1_0.created_at,
        u1_0.email,
        u1_0.name,
        u1_0.password,
        u1_0.phone,
        u1_0.role,
        u1_0.updated_at 
    from
        users u1_0 
    where
        u1_0.email=?
Hibernate: 
    select
        u1_0.id,
        u1_0.created_at,
        u1_0.email,
        u1_0.name,
        u1_0.password,
        u1_0.phone,
        u1_0.role,
        u1_0.updated_at 
    from
        users u1_0 
    where
        u1_0.email=?
Hibernate: 
    select
        a1_0.id,
        a1_0.account_number,
        a1_0.account_type,
        a1_0.balance,
        a1_0.created_at,
        a1_0.status,
        a1_0.updated_at,
        a1_0.user_id,
        u2_0.id,
        u2_0.created_at,
        u2_0.email,
        u2_0.name,
        u2_0.password,
        u2_0.phone,
        u2_0.role,
        u2_0.updated_at 
    from
        accounts a1_0 
    join
        users u2_0 
            on u2_0.id=a1_0.user_id 
    where
        a1_0.user_id=?
]]></system-out>
  </testcase>
  <testcase name="testCreateAccountSuccess" classname="com.bank.controller.AccountIntegrationTest" time="1.591">
    <system-out><![CDATA[Hibernate: 
    select
        t1_0.id,
        t1_0.account_id,
        t1_0.amount,
        t1_0.balance_after,
        t1_0.created_at,
        t1_0.description,
        t1_0.transaction_reference,
        t1_0.transaction_type 
    from
        transactions t1_0
Hibernate: 
    select
        a1_0.id,
        a1_0.account_number,
        a1_0.account_type,
        a1_0.balance,
        a1_0.created_at,
        a1_0.status,
        a1_0.updated_at,
        a1_0.user_id 
    from
        accounts a1_0
Hibernate: 
    delete 
    from
        accounts 
    where
        id=?
Hibernate: 
    select
        u1_0.id,
        u1_0.created_at,
        u1_0.email,
        u1_0.name,
        u1_0.password,
        u1_0.phone,
        u1_0.role,
        u1_0.updated_at 
    from
        users u1_0
Hibernate: 
    delete 
    from
        users 
    where
        id=?
Hibernate: 
    delete 
    from
        users 
    where
        id=?
Hibernate: 
    delete 
    from
        users 
    where
        id=?
Hibernate: 
    insert 
    into
        users
        (created_at, email, name, password, phone, role, updated_at) 
    values
        (?, ?, ?, ?, ?, ?, ?)
Hibernate: 
    insert 
    into
        users
        (created_at, email, name, password, phone, role, updated_at) 
    values
        (?, ?, ?, ?, ?, ?, ?)
Hibernate: 
    insert 
    into
        users
        (created_at, email, name, password, phone, role, updated_at) 
    values
        (?, ?, ?, ?, ?, ?, ?)
Hibernate: 
    select
        u1_0.id,
        u1_0.created_at,
        u1_0.email,
        u1_0.name,
        u1_0.password,
        u1_0.phone,
        u1_0.role,
        u1_0.updated_at 
    from
        users u1_0 
    where
        u1_0.email=?
Hibernate: 
    select
        u1_0.id,
        u1_0.created_at,
        u1_0.email,
        u1_0.name,
        u1_0.password,
        u1_0.phone,
        u1_0.role,
        u1_0.updated_at 
    from
        users u1_0 
    where
        u1_0.email=?
Hibernate: 
    select
        a1_0.id 
    from
        accounts a1_0 
    where
        a1_0.account_number=? 
    limit
        ?
Hibernate: 
    insert 
    into
        accounts
        (account_number, account_type, balance, created_at, status, updated_at, user_id) 
    values
        (?, ?, ?, ?, ?, ?, ?)
Hibernate: 
    select
        a1_0.id,
        a1_0.account_number,
        a1_0.account_type,
        a1_0.balance,
        a1_0.created_at,
        a1_0.status,
        a1_0.updated_at,
        a1_0.user_id,
        u2_0.id,
        u2_0.created_at,
        u2_0.email,
        u2_0.name,
        u2_0.password,
        u2_0.phone,
        u2_0.role,
        u2_0.updated_at 
    from
        accounts a1_0 
    join
        users u2_0 
            on u2_0.id=a1_0.user_id 
    where
        a1_0.user_id=?
]]></system-out>
  </testcase>
  <testcase name="testAdminAccountListingAuthorization" classname="com.bank.controller.AccountIntegrationTest" time="1.631">
    <system-out><![CDATA[Hibernate: 
    select
        t1_0.id,
        t1_0.account_id,
        t1_0.amount,
        t1_0.balance_after,
        t1_0.created_at,
        t1_0.description,
        t1_0.transaction_reference,
        t1_0.transaction_type 
    from
        transactions t1_0
Hibernate: 
    select
        a1_0.id,
        a1_0.account_number,
        a1_0.account_type,
        a1_0.balance,
        a1_0.created_at,
        a1_0.status,
        a1_0.updated_at,
        a1_0.user_id 
    from
        accounts a1_0
Hibernate: 
    delete 
    from
        accounts 
    where
        id=?
Hibernate: 
    select
        u1_0.id,
        u1_0.created_at,
        u1_0.email,
        u1_0.name,
        u1_0.password,
        u1_0.phone,
        u1_0.role,
        u1_0.updated_at 
    from
        users u1_0
Hibernate: 
    delete 
    from
        users 
    where
        id=?
Hibernate: 
    delete 
    from
        users 
    where
        id=?
Hibernate: 
    delete 
    from
        users 
    where
        id=?
Hibernate: 
    insert 
    into
        users
        (created_at, email, name, password, phone, role, updated_at) 
    values
        (?, ?, ?, ?, ?, ?, ?)
Hibernate: 
    insert 
    into
        users
        (created_at, email, name, password, phone, role, updated_at) 
    values
        (?, ?, ?, ?, ?, ?, ?)
Hibernate: 
    insert 
    into
        users
        (created_at, email, name, password, phone, role, updated_at) 
    values
        (?, ?, ?, ?, ?, ?, ?)
Hibernate: 
    insert 
    into
        accounts
        (account_number, account_type, balance, created_at, status, updated_at, user_id) 
    values
        (?, ?, ?, ?, ?, ?, ?)
Hibernate: 
    insert 
    into
        accounts
        (account_number, account_type, balance, created_at, status, updated_at, user_id) 
    values
        (?, ?, ?, ?, ?, ?, ?)
Hibernate: 
    select
        u1_0.id,
        u1_0.created_at,
        u1_0.email,
        u1_0.name,
        u1_0.password,
        u1_0.phone,
        u1_0.role,
        u1_0.updated_at 
    from
        users u1_0 
    where
        u1_0.email=?
Hibernate: 
    select
        u1_0.id,
        u1_0.created_at,
        u1_0.email,
        u1_0.name,
        u1_0.password,
        u1_0.phone,
        u1_0.role,
        u1_0.updated_at 
    from
        users u1_0 
    where
        u1_0.email=?
Hibernate: 
    select
        a1_0.id,
        a1_0.account_number,
        a1_0.account_type,
        a1_0.balance,
        a1_0.created_at,
        a1_0.status,
        a1_0.updated_at,
        a1_0.user_id 
    from
        accounts a1_0
Hibernate: 
    select
        u1_0.id,
        u1_0.created_at,
        u1_0.email,
        u1_0.name,
        u1_0.password,
        u1_0.phone,
        u1_0.role,
        u1_0.updated_at 
    from
        users u1_0 
    where
        u1_0.id=?
Hibernate: 
    select
        u1_0.id,
        u1_0.created_at,
        u1_0.email,
        u1_0.name,
        u1_0.password,
        u1_0.phone,
        u1_0.role,
        u1_0.updated_at 
    from
        users u1_0 
    where
        u1_0.id=?
]]></system-out>
  </testcase>
  <testcase name="testUnauthenticatedAccountRequest" classname="com.bank.controller.AccountIntegrationTest" time="1.616">
    <system-out><![CDATA[Hibernate: 
    select
        t1_0.id,
        t1_0.account_id,
        t1_0.amount,
        t1_0.balance_after,
        t1_0.created_at,
        t1_0.description,
        t1_0.transaction_reference,
        t1_0.transaction_type 
    from
        transactions t1_0
Hibernate: 
    select
        a1_0.id,
        a1_0.account_number,
        a1_0.account_type,
        a1_0.balance,
        a1_0.created_at,
        a1_0.status,
        a1_0.updated_at,
        a1_0.user_id 
    from
        accounts a1_0
Hibernate: 
    delete 
    from
        accounts 
    where
        id=?
Hibernate: 
    delete 
    from
        accounts 
    where
        id=?
Hibernate: 
    select
        u1_0.id,
        u1_0.created_at,
        u1_0.email,
        u1_0.name,
        u1_0.password,
        u1_0.phone,
        u1_0.role,
        u1_0.updated_at 
    from
        users u1_0
Hibernate: 
    delete 
    from
        users 
    where
        id=?
Hibernate: 
    delete 
    from
        users 
    where
        id=?
Hibernate: 
    delete 
    from
        users 
    where
        id=?
Hibernate: 
    insert 
    into
        users
        (created_at, email, name, password, phone, role, updated_at) 
    values
        (?, ?, ?, ?, ?, ?, ?)
Hibernate: 
    insert 
    into
        users
        (created_at, email, name, password, phone, role, updated_at) 
    values
        (?, ?, ?, ?, ?, ?, ?)
Hibernate: 
    insert 
    into
        users
        (created_at, email, name, password, phone, role, updated_at) 
    values
        (?, ?, ?, ?, ?, ?, ?)
]]></system-out>
  </testcase>
</testsuite>